<?xml version="1.0" encoding="UTF-8"?>
<!-- Generated by org.testng.reporters.JUnitXMLReporter -->
<testsuite ignored="0" hostname="mohit-Inspiron-3542" failures="0" tests="1" name="Test" time="0.185" errors="0" timestamp="2021-05-23T09:12:11 IST">
  <testcase classname="Academy.validateNavigationBar" name="@BeforeTest initialize" time="0.023">
    <failure type="java.lang.NullPointerException">
      <![CDATA[java.lang.NullPointerException
at resources.base.initializeDriver(base.java:31)
at Academy.validateNavigationBar.initialize(validateNavigationBar.java:34)
... Removed 24 stack frames]]>
    </failure>
  </testcase> <!-- @BeforeTest initialize -->
  <testcase classname="Academy.validateNavigationBar" name="@AfterTest teardown" time="-1.621741331317E9">
    <skipped/>
  </testcase> <!-- @AfterTest teardown -->
  <testcase classname="Academy.validateNavigationBar" name="validateAppNavBar" time="0.0">
    <skipped/>
  </testcase> <!-- validateAppNavBar -->
</testsuite> <!-- Test -->
