<?xml version="1.0" encoding="UTF-8"?>
<testng-results total="5" passed="5" failed="0" skipped="0">
  <reporter-output>
  </reporter-output>
  <suite started-at="2021-05-30T09:12:13Z" name="Suite" finished-at="2021-05-30T09:12:32Z" duration-ms="19501">
    <groups>
    </groups>
    <test started-at="2021-05-30T09:12:13Z" name="Test" finished-at="2021-05-30T09:12:18Z" duration-ms="5448">
      <class name="Academy.validateNavigationBar">
        <test-method is-config="true" signature="initialize()[pri:0, instance:Academy.validateNavigationBar@617fe9e1]" started-at="2021-05-30T14:42:13Z" name="initialize" finished-at="2021-05-30T14:42:18Z" duration-ms="5224" status="PASS">
          <reporter-output>
          </reporter-output>
        </test-method> <!-- initialize -->
        <test-method signature="validateAppNavBar()[pri:0, instance:Academy.validateNavigationBar@617fe9e1]" started-at="2021-05-30T14:42:18Z" name="validateAppNavBar" finished-at="2021-05-30T14:42:18Z" duration-ms="125" status="PASS">
          <reporter-output>
          </reporter-output>
        </test-method> <!-- validateAppNavBar -->
        <test-method is-config="true" signature="teardown()[pri:0, instance:Academy.validateNavigationBar@617fe9e1]" started-at="2021-05-30T14:42:18Z" name="teardown" finished-at="2021-05-30T14:42:18Z" duration-ms="76" status="PASS">
          <reporter-output>
          </reporter-output>
        </test-method> <!-- teardown -->
      </class> <!-- Academy.validateNavigationBar -->
    </test> <!-- Test -->
    <test started-at="2021-05-30T09:12:19Z" name="Test1" finished-at="2021-05-30T09:12:27Z" duration-ms="8314">
      <class name="Academy.HomePage">
        <test-method is-config="true" signature="initialize()[pri:0, instance:Academy.HomePage@1df98368]" started-at="2021-05-30T14:42:19Z" name="initialize" finished-at="2021-05-30T14:42:20Z" duration-ms="581" status="PASS">
          <reporter-output>
          </reporter-output>
        </test-method> <!-- initialize -->
        <test-method signature="basePageNavigation(java.lang.String, java.lang.String, java.lang.String)[pri:0, instance:Academy.HomePage@1df98368]" started-at="2021-05-30T14:42:20Z" name="basePageNavigation" data-provider="getData" finished-at="2021-05-30T14:42:25Z" duration-ms="4811" status="PASS">
          <params>
            <param index="0">
              <value>
                <![CDATA[nonrestricteduser@qw.com]]>
              </value>
            </param>
            <param index="1">
              <value>
                <![CDATA[123456]]>
              </value>
            </param>
            <param index="2">
              <value>
                <![CDATA[Restrcited User]]>
              </value>
            </param>
          </params>
          <reporter-output>
          </reporter-output>
        </test-method> <!-- basePageNavigation -->
        <test-method signature="basePageNavigation(java.lang.String, java.lang.String, java.lang.String)[pri:0, instance:Academy.HomePage@1df98368]" started-at="2021-05-30T14:42:25Z" name="basePageNavigation" data-provider="getData" finished-at="2021-05-30T14:42:27Z" duration-ms="2849" status="PASS">
          <params>
            <param index="0">
              <value>
                <![CDATA[restricteduser@qw.com]]>
              </value>
            </param>
            <param index="1">
              <value>
                <![CDATA[456788]]>
              </value>
            </param>
            <param index="2">
              <value>
                <![CDATA[Non restricted user]]>
              </value>
            </param>
          </params>
          <reporter-output>
          </reporter-output>
        </test-method> <!-- basePageNavigation -->
        <test-method is-config="true" signature="teardown()[pri:0, instance:Academy.HomePage@1df98368]" started-at="2021-05-30T14:42:27Z" name="teardown" finished-at="2021-05-30T14:42:27Z" duration-ms="70" status="PASS">
          <reporter-output>
          </reporter-output>
        </test-method> <!-- teardown -->
      </class> <!-- Academy.HomePage -->
    </test> <!-- Test1 -->
    <test started-at="2021-05-30T09:12:28Z" name="Test2" finished-at="2021-05-30T09:12:32Z" duration-ms="4933">
      <class name="Academy.validateTitle">
        <test-method is-config="true" signature="initialize()[pri:0, instance:Academy.validateTitle@2427e004]" started-at="2021-05-30T14:42:28Z" name="initialize" finished-at="2021-05-30T14:42:32Z" duration-ms="4715" status="PASS">
          <reporter-output>
          </reporter-output>
        </test-method> <!-- initialize -->
        <test-method signature="validateAppTitle()[pri:0, instance:Academy.validateTitle@2427e004]" started-at="2021-05-30T14:42:32Z" name="validateAppTitle" finished-at="2021-05-30T14:42:32Z" duration-ms="72" status="PASS">
          <reporter-output>
          </reporter-output>
        </test-method> <!-- validateAppTitle -->
        <test-method signature="validateAppHeader()[pri:0, instance:Academy.validateTitle@2427e004]" started-at="2021-05-30T14:42:32Z" name="validateAppHeader" finished-at="2021-05-30T14:42:32Z" duration-ms="69" status="PASS">
          <reporter-output>
          </reporter-output>
        </test-method> <!-- validateAppHeader -->
        <test-method is-config="true" signature="teardown()[pri:0, instance:Academy.validateTitle@2427e004]" started-at="2021-05-30T14:42:32Z" name="teardown" finished-at="2021-05-30T14:42:32Z" duration-ms="73" status="PASS">
          <reporter-output>
          </reporter-output>
        </test-method> <!-- teardown -->
      </class> <!-- Academy.validateTitle -->
    </test> <!-- Test2 -->
  </suite> <!-- Suite -->
</testng-results>
